<?xml version="1.0" encoding="UTF-8" ?>
<testsuite tests="18" failures="0" name="holapepino.RunCucumberTest" time="0.011" errors="0" skipped="0">
  <properties>
[...]
</properties>
  <testcase classname="Is it Friday yet?" name="Today is or is not Friday" time="0.006"/>
  <testcase classname="Is it Friday yet?" name="Today is or is not Friday" time="0"/>
  <testcase classname="Is it Friday yet?" name="Today is or is not Friday" time="0"/>
  <testcase classname="Is it Friday yet?" name="Successful Login" time="0"/>
  <testcase classname="Is it Friday yet?" name="UnSuccessful Login" time="0"/>
  <testcase classname="Is it Friday yet?" name="Add a product to bag" time="0"/>
  <testcase classname="Is it Friday yet?" name="Add multiple product to bag" time="0"/>
  <testcase classname="Is it Friday yet?" name="Remove a product from bag" time="0"/>
  <testcase classname="Is it Friday yet?" name="Remove all products from bag" time="0"/>
  <testcase classname="Is it Friday yet?" name="Increase product quantity from bag page" time="0"/>
  <testcase classname="Is it Friday yet?" name="Decrease product quantity from bag page" time="0.001"/>
  <testcase classname="Is it Friday yet?" name="Buy a product with cash payment" time="0.001"/>
  <testcase classname="Is it Friday yet?" name="Buy a product with CC payment" time="0"/>
  <testcase classname="Is it Friday yet?" name="Payment declined" time="0"/>
  <testcase classname="Is it Friday yet?" name="Payment declined" time="0.001"/>
  <testcase classname="Is it Friday yet?" name="Payment declined" time="0.001"/>
  <testcase classname="Is it Friday yet?" name="Payment declined" time="0"/>
  <testcase classname="Is it Friday yet?" name="Payment declined" time="0.001"/>
</testsuite>